<?xml version="1.0" encoding="utf-8"?><testsuites name="pytest tests"><testsuite name="pytest" errors="0" failures="0" skipped="5" tests="15" time="26.579" timestamp="2026-02-14T04:35:02.348703+00:00" hostname="agent-env-519951ac-b644-4d1b-b4fa-2f3bc30bc489"><testcase classname="tests.test_atlas_ai.TestAtlasAIChat" name="test_admin_can_chat_with_atlas_ai" time="6.895" /><testcase classname="tests.test_atlas_ai.TestAtlasAIChat" name="test_agent_can_chat_with_atlas_ai" time="0.133"><skipped type="pytest.skip" message="Agent user not available for testing: kcheek@breezewealthmanagement.com">/app/backend/tests/test_atlas_ai.py:73: Agent user not available for testing: kcheek@breezewealthmanagement.com</skipped></testcase><testcase classname="tests.test_atlas_ai.TestAtlasAIChat" name="test_chat_without_auth_fails" time="0.145" /><testcase classname="tests.test_atlas_ai.TestAtlasAIChat" name="test_chat_with_session_id" time="11.974" /><testcase classname="tests.test_atlas_ai.TestKnowledgeBaseAccess" name="test_admin_can_view_knowledge_base" time="0.122" /><testcase classname="tests.test_atlas_ai.TestKnowledgeBaseAccess" name="test_agent_can_view_knowledge_base" time="0.000"><skipped type="pytest.skip" message="Agent user not available for testing: kcheek@breezewealthmanagement.com">/app/backend/tests/test_atlas_ai.py:149: Agent user not available for testing: kcheek@breezewealthmanagement.com</skipped></testcase><testcase classname="tests.test_atlas_ai.TestKnowledgeBaseCRUD" name="test_admin_can_add_document" time="0.105" /><testcase classname="tests.test_atlas_ai.TestKnowledgeBaseCRUD" name="test_agent_cannot_add_document" time="0.000"><skipped type="pytest.skip" message="Agent user not available for testing: kcheek@breezewealthmanagement.com">/app/backend/tests/test_atlas_ai.py:194: Agent user not available for testing: kcheek@breezewealthmanagement.com</skipped></testcase><testcase classname="tests.test_atlas_ai.TestKnowledgeBaseCRUD" name="test_admin_can_update_document" time="0.113" /><testcase classname="tests.test_atlas_ai.TestKnowledgeBaseCRUD" name="test_agent_cannot_update_document" time="0.000"><skipped type="pytest.skip" message="Agent user not available for testing: kcheek@breezewealthmanagement.com">/app/backend/tests/test_atlas_ai.py:236: Agent user not available for testing: kcheek@breezewealthmanagement.com</skipped></testcase><testcase classname="tests.test_atlas_ai.TestKnowledgeBaseCRUD" name="test_agent_cannot_delete_document" time="0.000"><skipped type="pytest.skip" message="Agent user not available for testing: kcheek@breezewealthmanagement.com">/app/backend/tests/test_atlas_ai.py:257: Agent user not available for testing: kcheek@breezewealthmanagement.com</skipped></testcase><testcase classname="tests.test_atlas_ai.TestKnowledgeBaseCRUD" name="test_admin_can_delete_document" time="0.235" /><testcase classname="tests.test_atlas_ai.TestAtlasAIWithKnowledgeBase" name="test_setup_create_test_document" time="0.173" /><testcase classname="tests.test_atlas_ai.TestAtlasAIWithKnowledgeBase" name="test_atlas_ai_uses_knowledge_context" time="6.484" /><testcase classname="tests.test_atlas_ai.TestAtlasAIWithKnowledgeBase" name="test_cleanup_delete_test_document" time="0.131" /></testsuite></testsuites>