<?xml version="1.0" encoding="utf-8"?><testsuites name="pytest tests"><testsuite name="pytest" errors="0" failures="0" skipped="0" tests="15" time="2.879" timestamp="2026-02-14T04:55:47.961899+00:00" hostname="agent-env-519951ac-b644-4d1b-b4fa-2f3bc30bc489"><testcase classname="backend.tests.test_knowledge_base_upload.TestKnowledgeBaseUI" name="test_knowledge_base_endpoint_exists" time="0.615" /><testcase classname="backend.tests.test_knowledge_base_upload.TestFileUploadValidation" name="test_upload_pdf_file" time="0.218" /><testcase classname="backend.tests.test_knowledge_base_upload.TestFileUploadValidation" name="test_upload_png_image" time="0.262" /><testcase classname="backend.tests.test_knowledge_base_upload.TestFileUploadValidation" name="test_upload_jpg_image" time="0.256" /><testcase classname="backend.tests.test_knowledge_base_upload.TestFileUploadValidation" name="test_reject_unsupported_file_type" time="0.115" /><testcase classname="backend.tests.test_knowledge_base_upload.TestFileUploadValidation" name="test_reject_html_file" time="0.118" /><testcase classname="backend.tests.test_knowledge_base_upload.TestFileUploadPermissions" name="test_unauthenticated_upload_fails" time="0.136" /><testcase classname="backend.tests.test_knowledge_base_upload.TestDocumentMetadata" name="test_upload_with_all_metadata" time="0.114" /><testcase classname="backend.tests.test_knowledge_base_upload.TestDocumentMetadata" name="test_document_appears_in_list" time="0.116" /><testcase classname="backend.tests.test_knowledge_base_upload.TestDocumentMetadata" name="test_cleanup_uploaded_document" time="0.117" /><testcase classname="backend.tests.test_knowledge_base_upload.TestTextEntryTab" name="test_add_text_document" time="0.109" /><testcase classname="backend.tests.test_knowledge_base_upload.TestTextEntryTab" name="test_cleanup_text_document" time="0.107" /><testcase classname="backend.tests.test_knowledge_base_upload.TestDocumentEditDelete" name="test_setup_create_document" time="0.111" /><testcase classname="backend.tests.test_knowledge_base_upload.TestDocumentEditDelete" name="test_edit_document" time="0.215" /><testcase classname="backend.tests.test_knowledge_base_upload.TestDocumentEditDelete" name="test_delete_document" time="0.199" /></testsuite></testsuites>