<?xml version="1.0" encoding="utf-8"?><testsuites name="pytest tests"><testsuite name="pytest" errors="0" failures="1" skipped="0" tests="13" time="1.514" timestamp="2026-02-13T02:35:31.489455+00:00" hostname="agent-env-9637dc26-5f6e-47b5-b169-7e720afb2b06"><testcase classname="backend.tests.test_password_reset.TestPasswordResetFlow" name="test_forgot_password_valid_email" time="0.344" /><testcase classname="backend.tests.test_password_reset.TestPasswordResetFlow" name="test_forgot_password_nonexistent_email" time="0.040" /><testcase classname="backend.tests.test_password_reset.TestPasswordResetFlow" name="test_forgot_password_missing_email" time="0.042" /><testcase classname="backend.tests.test_password_reset.TestPasswordResetFlow" name="test_verify_reset_token_invalid" time="0.046" /><testcase classname="backend.tests.test_password_reset.TestPasswordResetFlow" name="test_verify_reset_token_missing" time="0.043" /><testcase classname="backend.tests.test_password_reset.TestPasswordResetFlow" name="test_reset_password_invalid_token" time="0.041" /><testcase classname="backend.tests.test_password_reset.TestPasswordResetFlow" name="test_reset_password_missing_token" time="0.046" /><testcase classname="backend.tests.test_password_reset.TestPasswordResetFlow" name="test_reset_password_missing_password" time="0.040" /><testcase classname="backend.tests.test_password_reset.TestPasswordResetFlow" name="test_reset_password_short_password" time="0.039" /><testcase classname="backend.tests.test_password_reset.TestPasswordResetFlow" name="test_rate_limiting" time="0.156"><failure message="assert 200 == 429&#10; +  where 200 = &lt;Response [200]&gt;.status_code">backend/tests/test_password_reset.py:136: in test_rate_limiting
    assert response.status_code == 429
E   assert 200 == 429
E    +  where 200 = &lt;Response [200]&gt;.status_code</failure></testcase><testcase classname="backend.tests.test_password_reset.TestChangePassword" name="test_change_password_unauthenticated" time="0.036" /><testcase classname="backend.tests.test_password_reset.TestAuthLogin" name="test_login_success" time="0.282" /><testcase classname="backend.tests.test_password_reset.TestAuthLogin" name="test_login_invalid_credentials" time="0.272" /></testsuite></testsuites>