<?xml version="1.0" encoding="utf-8"?><testsuites name="pytest tests"><testsuite name="pytest" errors="0" failures="0" skipped="0" tests="15" time="3.602" timestamp="2026-01-31T21:30:59.595570+00:00" hostname="agent-env-b1eae0b7-1cd8-4ffe-b187-77fd66ded3d4"><testcase classname="backend.tests.test_client_portal.TestPortalAuth" name="test_admin_login_success" time="0.301" /><testcase classname="backend.tests.test_client_portal.TestPortalSettings" name="test_get_portal_settings" time="0.338" /><testcase classname="backend.tests.test_client_portal.TestPortalSettings" name="test_update_portal_settings" time="0.041" /><testcase classname="backend.tests.test_client_portal.TestPortalClients" name="test_create_portal_client" time="0.300" /><testcase classname="backend.tests.test_client_portal.TestPortalClients" name="test_get_portal_clients_list" time="0.039" /><testcase classname="backend.tests.test_client_portal.TestPortalClients" name="test_get_portal_metrics" time="0.038" /><testcase classname="backend.tests.test_client_portal.TestPortalInvites" name="test_generate_invite_link" time="0.386" /><testcase classname="backend.tests.test_client_portal.TestPortalInvites" name="test_validate_invite_token" time="0.079" /><testcase classname="backend.tests.test_client_portal.TestPortalInvites" name="test_invalid_invite_token" time="0.036" /><testcase classname="backend.tests.test_client_portal.TestPortalClientAuth" name="test_client_login_success" time="0.910" /><testcase classname="backend.tests.test_client_portal.TestPortalClientAuth" name="test_client_login_wrong_password" time="0.262" /><testcase classname="backend.tests.test_client_portal.TestBookOfBusinessIntegration" name="test_get_book_of_business_clients" time="0.295" /><testcase classname="backend.tests.test_client_portal.TestBookOfBusinessIntegration" name="test_create_portal_client_from_book" time="0.075" /><testcase classname="backend.tests.test_client_portal.TestPortalPolicies" name="test_create_portal_policy" time="0.379" /><testcase classname="backend.tests.test_client_portal.TestPortalPolicies" name="test_get_client_policies" time="0.037" /></testsuite></testsuites>