<?xml version="1.0" encoding="utf-8"?><testsuites name="pytest tests"><testsuite name="pytest" errors="0" failures="0" skipped="0" tests="14" time="1.098" timestamp="2026-01-25T01:54:03.266642+00:00" hostname="agent-env-77ae054c-c89e-49dc-a94e-d4360413305e"><testcase classname="backend.tests.test_quiz_system.TestQuizQuestions" name="test_get_iul_easy_questions" time="0.335" /><testcase classname="backend.tests.test_quiz_system.TestQuizQuestions" name="test_get_fia_intermediate_questions" time="0.040" /><testcase classname="backend.tests.test_quiz_system.TestQuizQuestions" name="test_get_term_expert_questions" time="0.043" /><testcase classname="backend.tests.test_quiz_system.TestQuizQuestions" name="test_get_final_expense_questions" time="0.041" /><testcase classname="backend.tests.test_quiz_system.TestQuizQuestions" name="test_invalid_product" time="0.040" /><testcase classname="backend.tests.test_quiz_system.TestQuizQuestions" name="test_invalid_difficulty" time="0.035" /><testcase classname="backend.tests.test_quiz_system.TestCheckAnswer" name="test_check_answer_correct" time="0.156" /><testcase classname="backend.tests.test_quiz_system.TestCheckAnswer" name="test_check_answer_invalid_question" time="0.037" /><testcase classname="backend.tests.test_quiz_system.TestQuizSubmission" name="test_submit_quiz" time="0.078" /><testcase classname="backend.tests.test_quiz_system.TestQuizSubmission" name="test_submit_quiz_wrong_answer_count" time="0.041" /><testcase classname="backend.tests.test_quiz_system.TestQuizProgress" name="test_get_progress" time="0.040" /><testcase classname="backend.tests.test_quiz_system.TestQuizHistory" name="test_get_history" time="0.039" /><testcase classname="backend.tests.test_quiz_system.TestAdminQuizEndpoints" name="test_admin_get_questions" time="0.059" /><testcase classname="backend.tests.test_quiz_system.TestAdminQuizEndpoints" name="test_admin_get_stats" time="0.042" /></testsuite></testsuites>